<?xml version="1.0" encoding="UTF-8"?>
<!-- Generated by org.testng.reporters.JUnitXMLReporter -->
<testsuite ignored="0" hostname="USE2DEVP0289" failures="1" tests="2" name="Regression" time="14.744" errors="0" timestamp="2021-01-15T17:56:24 IST">
  <testcase classname="com_pkg_OWM.Workflow_Browser.Serial.FWF_Events_Test" name="@AfterClass closeBrowser" time="0.01">
    <failure type="java.util.NoSuchElementException">
      <![CDATA[java.util.NoSuchElementException
at java.base/java.util.LinkedHashMap$LinkedHashIterator.nextNode(LinkedHashMap.java:760)
at java.base/java.util.LinkedHashMap$LinkedKeyIterator.next(LinkedHashMap.java:780)
at com_lib_FunctionLibrary.FunctionLibrary.fnLogOff(FunctionLibrary.java:833)
at com_pkg_OWM.Workflow_Browser.Serial.FWF_Events_Test.closeBrowser(FWF_Events_Test.java:215)
at java.base/java.util.ArrayList.forEach(ArrayList.java:1511)
... Removed 25 stack frames]]>
    </failure>
  </testcase> <!-- @AfterClass closeBrowser -->
  <testcase classname="com_pkg_OWM.Workflow_Browser.Serial.FWF_Events_Test" name="Initialize" time="6.067"/>
  <testcase classname="com_pkg_OWM.Workflow_Browser.Serial.FWF_Events_Test" name="EventActions" time="8.601">
    <failure type="java.lang.AssertionError" message="expected [true] but found [false]">
      <![CDATA[java.lang.AssertionError: expected [true] but found [false]
at com_lib_FunctionLibrary.FrameWork.fnWebEdit(FrameWork.java:32)
at com_obj_ObjectRepository.LS1.OneSourceLogin.enterPassword(OneSourceLogin.java:27)
at com_lib_FunctionLibrary.FunctionLibrary.fnLogin(FunctionLibrary.java:45)
at com_pkg_OWM.Workflow_Browser.Serial.FWF_Events_Test.EventActions(FWF_Events_Test.java:41)
at java.base/java.util.ArrayList.forEach(ArrayList.java:1511)
... Removed 31 stack frames]]>
    </failure>
  </testcase> <!-- EventActions -->
</testsuite> <!-- Regression -->
