<?xml version="1.0" encoding="UTF-8"?>
<!-- Generated by org.testng.reporters.JUnitXMLReporter -->
<testsuite ignored="0" hostname="USE2DEVP0289" failures="1" tests="2" name="Test" time="430.4" errors="0" timestamp="2021-03-23T14:20:29 IST">
  <testcase classname="com_pkg_OSP.Entity_Manager_PlaceOfBusiness_Test" name="Initialize" time="6.477"/>
  <testcase classname="com_pkg_OSP.Entity_Manager_PlaceOfBusiness_Test" name="EUB_PlaceOfBussiness" time="422.493">
    <failure type="org.openqa.selenium.TimeoutException" message="Expected condition failed: waiting for number of open windows to be 2 (tried for 50 second(s) with 5000 milliseconds interval)
Build info: version: &amp;apos;3.141.59&amp;apos;, revision: &amp;apos;e82be7d358&amp;apos;, time: &amp;apos;2018-11-14T08:17:03&amp;apos;
System info: host: &amp;apos;USE2DEVP0289&amp;apos;, ip: &amp;apos;10.178.161.24&amp;apos;, os.name: &amp;apos;Windows 10&amp;apos;, os.arch: &amp;apos;amd64&amp;apos;, os.version: &amp;apos;10.0&amp;apos;, java.version: &amp;apos;14.0.2&amp;apos;
Driver info: driver.version: unknown">
      <![CDATA[org.openqa.selenium.TimeoutException: Expected condition failed: waiting for number of open windows to be 2 (tried for 50 second(s) with 5000 milliseconds interval)
Build info: version: '3.141.59', revision: 'e82be7d358', time: '2018-11-14T08:17:03'
System info: host: 'USE2DEVP0289', ip: '10.178.161.24', os.name: 'Windows 10', os.arch: 'amd64', os.version: '10.0', java.version: '14.0.2'
Driver info: driver.version: unknown
at org.openqa.selenium.support.ui.FluentWait.timeoutException(FluentWait.java:304)
at org.openqa.selenium.support.ui.FluentWait.until(FluentWait.java:272)
at com_pkg_OSP.Entity_Manager_PlaceOfBusiness_Test.EUB_PlaceOfBussiness(Entity_Manager_PlaceOfBusiness_Test.java:138)
at java.base/java.util.ArrayList.forEach(ArrayList.java:1511)
... Removed 27 stack frames]]>
    </failure>
  </testcase> <!-- EUB_PlaceOfBussiness -->
</testsuite> <!-- Test -->
