<?xml version="1.0" encoding="UTF-8"?>
<!-- Generated by org.testng.reporters.JUnitXMLReporter -->
<testsuite ignored="0" hostname="USE2DEVP0672" failures="2" tests="8" name="Test" time="1761.809" errors="0" timestamp="2021-03-16T13:22:35 IST">
  <testcase classname="com_pkg_OSP.EUB_Test" name="Initialize" time="6.462"/>
  <testcase classname="com_pkg_OSP.EUB_Test" name="EntityUnitBrowser" time="733.542"/>
  <testcase classname="com_pkg_OSP.Entity_Manager_Banking_Test" name="Initialize" time="5.085"/>
  <testcase classname="com_pkg_OSP.Entity_Manager_Banking_Test" name="EUB_Banking" time="406.869"/>
  <testcase classname="com_pkg_OSP.Entity_Manager_IOTransaction_Test" name="Initialize" time="5.243"/>
  <testcase classname="com_pkg_OSP.Entity_Manager_IOTransaction_Test" name="EUB_IOTransaction" time="264.63">
    <failure type="org.openqa.selenium.TimeoutException" message="Expected condition failed: waiting for frame to be available: Iframe1 (tried for 60 second(s) with 500 milliseconds interval)
Build info: version: &amp;apos;3.141.59&amp;apos;, revision: &amp;apos;e82be7d358&amp;apos;, time: &amp;apos;2018-11-14T08:17:03&amp;apos;
System info: host: &amp;apos;USE2DEVP0672&amp;apos;, ip: &amp;apos;10.178.164.5&amp;apos;, os.name: &amp;apos;Windows 10&amp;apos;, os.arch: &amp;apos;amd64&amp;apos;, os.version: &amp;apos;10.0&amp;apos;, java.version: &amp;apos;15.0.1&amp;apos;
Driver info: org.openqa.selenium.ie.InternetExplorerDriver
Capabilities {acceptInsecureCerts: false, browserName: internet explorer, browserVersion: 11, javascriptEnabled: true, pageLoadStrategy: normal, platform: WINDOWS, platformName: WINDOWS, proxy: Proxy(), se:ieOptions: {browserAttachTimeout: 0, elementScrollBehavior: 0, enablePersistentHover: true, ie.browserCommandLineSwitches: , ie.edgechromium: false, ie.edgepath: , ie.ensureCleanSession: false, ie.fileUploadDialogTimeout: 3000, ie.forceCreateProcessApi: false, ignoreProtectedModeSettings: false, ignoreZoomSetting: false, initialBrowserUrl: http://localhost:25399/, nativeEvents: true, requireWindowFocus: false}, setWindowRect: true, strictFileInteractability: false, timeouts: {implicit: 0, pageLoad: 300000, script: 30000}, unhandledPromptBehavior: dismiss and notify}
Session ID: 7de4030d-1c33-4a74-9cd0-729dcbed94f9">
      <![CDATA[org.openqa.selenium.TimeoutException: Expected condition failed: waiting for frame to be available: Iframe1 (tried for 60 second(s) with 500 milliseconds interval)
Build info: version: '3.141.59', revision: 'e82be7d358', time: '2018-11-14T08:17:03'
System info: host: 'USE2DEVP0672', ip: '10.178.164.5', os.name: 'Windows 10', os.arch: 'amd64', os.version: '10.0', java.version: '15.0.1'
Driver info: org.openqa.selenium.ie.InternetExplorerDriver
Capabilities {acceptInsecureCerts: false, browserName: internet explorer, browserVersion: 11, javascriptEnabled: true, pageLoadStrategy: normal, platform: WINDOWS, platformName: WINDOWS, proxy: Proxy(), se:ieOptions: {browserAttachTimeout: 0, elementScrollBehavior: 0, enablePersistentHover: true, ie.browserCommandLineSwitches: , ie.edgechromium: false, ie.edgepath: , ie.ensureCleanSession: false, ie.fileUploadDialogTimeout: 3000, ie.forceCreateProcessApi: false, ignoreProtectedModeSettings: false, ignoreZoomSetting: false, initialBrowserUrl: http://localhost:25399/, nativeEvents: true, requireWindowFocus: false}, setWindowRect: true, strictFileInteractability: false, timeouts: {implicit: 0, pageLoad: 300000, script: 30000}, unhandledPromptBehavior: dismiss and notify}
Session ID: 7de4030d-1c33-4a74-9cd0-729dcbed94f9
at org.openqa.selenium.support.ui.WebDriverWait.timeoutException(WebDriverWait.java:95)
at org.openqa.selenium.support.ui.FluentWait.until(FluentWait.java:272)
at com_pkg_OSP.Entity_Manager_IOTransaction_Test.EUB_IOTransaction(Entity_Manager_IOTransaction_Test.java:106)
at java.base/java.util.ArrayList.forEach(ArrayList.java:1511)
... Removed 27 stack frames]]>
    </failure>
  </testcase> <!-- EUB_IOTransaction -->
  <testcase classname="com_pkg_OSP.Entity_Manager_PlaceOfBussiness_Test" name="Initialize" time="302.897">
    <failure type="org.openqa.selenium.TimeoutException" message="Timed out waiting for page to load.
Build info: version: &amp;apos;3.141.59&amp;apos;, revision: &amp;apos;e82be7d358&amp;apos;, time: &amp;apos;2018-11-14T08:17:03&amp;apos;
System info: host: &amp;apos;USE2DEVP0672&amp;apos;, ip: &amp;apos;10.178.164.5&amp;apos;, os.name: &amp;apos;Windows 10&amp;apos;, os.arch: &amp;apos;amd64&amp;apos;, os.version: &amp;apos;10.0&amp;apos;, java.version: &amp;apos;15.0.1&amp;apos;
Driver info: org.openqa.selenium.ie.InternetExplorerDriver
Capabilities {acceptInsecureCerts: false, browserName: internet explorer, browserVersion: 11, javascriptEnabled: true, pageLoadStrategy: normal, platform: WINDOWS, platformName: WINDOWS, proxy: Proxy(), se:ieOptions: {browserAttachTimeout: 0, elementScrollBehavior: 0, enablePersistentHover: true, ie.browserCommandLineSwitches: , ie.edgechromium: false, ie.edgepath: , ie.ensureCleanSession: false, ie.fileUploadDialogTimeout: 3000, ie.forceCreateProcessApi: false, ignoreProtectedModeSettings: false, ignoreZoomSetting: false, initialBrowserUrl: http://localhost:35608/, nativeEvents: true, requireWindowFocus: false}, setWindowRect: true, strictFileInteractability: false, timeouts: {implicit: 0, pageLoad: 300000, script: 30000}, unhandledPromptBehavior: dismiss and notify}
Session ID: 88320c3b-91eb-4390-8da1-b5ec1d64c637">
      <![CDATA[org.openqa.selenium.TimeoutException: Timed out waiting for page to load.
Build info: version: '3.141.59', revision: 'e82be7d358', time: '2018-11-14T08:17:03'
System info: host: 'USE2DEVP0672', ip: '10.178.164.5', os.name: 'Windows 10', os.arch: 'amd64', os.version: '10.0', java.version: '15.0.1'
Driver info: org.openqa.selenium.ie.InternetExplorerDriver
Capabilities {acceptInsecureCerts: false, browserName: internet explorer, browserVersion: 11, javascriptEnabled: true, pageLoadStrategy: normal, platform: WINDOWS, platformName: WINDOWS, proxy: Proxy(), se:ieOptions: {browserAttachTimeout: 0, elementScrollBehavior: 0, enablePersistentHover: true, ie.browserCommandLineSwitches: , ie.edgechromium: false, ie.edgepath: , ie.ensureCleanSession: false, ie.fileUploadDialogTimeout: 3000, ie.forceCreateProcessApi: false, ignoreProtectedModeSettings: false, ignoreZoomSetting: false, initialBrowserUrl: http://localhost:35608/, nativeEvents: true, requireWindowFocus: false}, setWindowRect: true, strictFileInteractability: false, timeouts: {implicit: 0, pageLoad: 300000, script: 30000}, unhandledPromptBehavior: dismiss and notify}
Session ID: 88320c3b-91eb-4390-8da1-b5ec1d64c637
at org.openqa.selenium.remote.http.W3CHttpResponseCodec.createException(W3CHttpResponseCodec.java:187)
at org.openqa.selenium.remote.http.W3CHttpResponseCodec.decode(W3CHttpResponseCodec.java:122)
at org.openqa.selenium.remote.http.W3CHttpResponseCodec.decode(W3CHttpResponseCodec.java:49)
at org.openqa.selenium.remote.HttpCommandExecutor.execute(HttpCommandExecutor.java:158)
at org.openqa.selenium.remote.service.DriverCommandExecutor.execute(DriverCommandExecutor.java:83)
at org.openqa.selenium.remote.RemoteWebDriver.execute(RemoteWebDriver.java:552)
at org.openqa.selenium.remote.RemoteWebDriver.get(RemoteWebDriver.java:277)
at com_pkg_OSP.Entity_Manager_PlaceOfBussiness_Test.Initialize(Entity_Manager_PlaceOfBussiness_Test.java:34)
at java.base/java.util.ArrayList.forEach(ArrayList.java:1511)
... Removed 32 stack frames]]>
    </failure>
  </testcase> <!-- Initialize -->
  <testcase classname="com_pkg_OSP.Entity_Manager_PlaceOfBussiness_Test" name="EUB_PlaceOfBussiness" time="0.0">
    <skipped/>
  </testcase> <!-- EUB_PlaceOfBussiness -->
</testsuite> <!-- Test -->
