<?xml version="1.0" encoding="UTF-8"?>
<!-- Generated by org.testng.reporters.JUnitXMLReporter -->
<testsuite ignored="0" hostname="USE2DEVP0672" failures="1" tests="2" name="Test" time="149.771" errors="0" timestamp="2021-01-19T19:40:14 IST">
  <testcase classname="com_pkg_OWM.Workflow_Browser.Serial.FWF_Documents_Test" name="Initialize" time="6.589"/>
  <testcase classname="com_pkg_OWM.Workflow_Browser.Serial.FWF_Documents_Test" name="Documents" time="143.125">
    <failure type="org.openqa.selenium.NoSuchFrameException" message="No frame element found by name or id tabIFrame
Build info: version: &amp;apos;3.141.59&amp;apos;, revision: &amp;apos;e82be7d358&amp;apos;, time: &amp;apos;2018-11-14T08:17:03&amp;apos;
System info: host: &amp;apos;USE2DEVP0672&amp;apos;, ip: &amp;apos;10.178.164.5&amp;apos;, os.name: &amp;apos;Windows 10&amp;apos;, os.arch: &amp;apos;amd64&amp;apos;, os.version: &amp;apos;10.0&amp;apos;, java.version: &amp;apos;15.0.1&amp;apos;
Driver info: driver.version: unknown">
      <![CDATA[org.openqa.selenium.NoSuchFrameException: No frame element found by name or id tabIFrame
Build info: version: '3.141.59', revision: 'e82be7d358', time: '2018-11-14T08:17:03'
System info: host: 'USE2DEVP0672', ip: '10.178.164.5', os.name: 'Windows 10', os.arch: 'amd64', os.version: '10.0', java.version: '15.0.1'
Driver info: driver.version: unknown
at org.openqa.selenium.remote.RemoteWebDriver$RemoteTargetLocator.frame(RemoteWebDriver.java:885)
at com_pkg_OWM.Workflow_Browser.Serial.FWF_Documents_Test.Documents(FWF_Documents_Test.java:68)
at java.base/java.util.ArrayList.forEach(ArrayList.java:1511)
... Removed 27 stack frames]]>
    </failure>
  </testcase> <!-- Documents -->
</testsuite> <!-- Test -->
