<?xml version="1.0" encoding="UTF-8"?>
<!-- Generated by org.testng.reporters.JUnitXMLReporter -->
<testsuite ignored="0" hostname="USE2DEVP0289" failures="1" tests="14" name="Test" time="2334.237" errors="0" timestamp="2021-03-23T16:48:24 IST">
  <testcase classname="com_pkg_OSP.EUB_Test" name="Initialize" time="4.188"/>
  <testcase classname="com_pkg_OSP.EUB_Test" name="EntityUnitBrowser" time="752.552"/>
  <testcase classname="com_pkg_OSP.Entity_Manager_BusinessTaxInfo_Test" name="Initialize" time="5.515"/>
  <testcase classname="com_pkg_OSP.Entity_Manager_BusinessTaxInfo_Test" name="BusinessTaxInfo" time="316.981"/>
  <testcase classname="com_pkg_OSP.Entity_Manager_ResponsibilityInfo_Test" name="Initialize" time="5.279"/>
  <testcase classname="com_pkg_OSP.Entity_Manager_ResponsibilityInfo_Test" name="ResponsbilityInfo" time="248.183"/>
  <testcase classname="com_pkg_OSP.Entity_Manager_KeyContacts_Test" name="Initialize" time="10.682"/>
  <testcase classname="com_pkg_OSP.Entity_Manager_KeyContacts_Test" name="KeyContacts" time="242.122"/>
  <testcase classname="com_pkg_OSP.EntityUnitBrowser_DBA_Test" name="Initialize" time="4.903"/>
  <testcase classname="com_pkg_OSP.EntityUnitBrowser_DBA_Test" name="EntityUnitBrowserDBA" time="469.547"/>
  <testcase classname="com_pkg_OSP.EUB_TaxIds_Registrations_Test" name="Initialize" time="5.36"/>
  <testcase classname="com_pkg_OSP.EUB_TaxIds_Registrations_Test" name="EUB_TaxIds" time="159.353">
    <failure type="org.openqa.selenium.NoSuchElementException" message="Unable to find element with xpath == //label[@id=&amp;apos;lblTaxID&amp;apos;]
For documentation on this error, please visit: https://www.seleniumhq.org/exceptions/no_such_element.html
Build info: version: &amp;apos;3.141.59&amp;apos;, revision: &amp;apos;e82be7d358&amp;apos;, time: &amp;apos;2018-11-14T08:17:03&amp;apos;
System info: host: &amp;apos;USE2DEVP0289&amp;apos;, ip: &amp;apos;10.178.161.24&amp;apos;, os.name: &amp;apos;Windows 10&amp;apos;, os.arch: &amp;apos;amd64&amp;apos;, os.version: &amp;apos;10.0&amp;apos;, java.version: &amp;apos;14.0.2&amp;apos;
Driver info: org.openqa.selenium.ie.InternetExplorerDriver
Capabilities {acceptInsecureCerts: false, browserName: internet explorer, browserVersion: 11, javascriptEnabled: true, pageLoadStrategy: normal, platform: WINDOWS, platformName: WINDOWS, proxy: Proxy(), se:ieOptions: {browserAttachTimeout: 0, elementScrollBehavior: 0, enablePersistentHover: true, ie.browserCommandLineSwitches: , ie.edgechromium: false, ie.edgepath: , ie.ensureCleanSession: false, ie.fileUploadDialogTimeout: 3000, ie.forceCreateProcessApi: false, ignoreProtectedModeSettings: false, ignoreZoomSetting: false, initialBrowserUrl: http://localhost:19678/, nativeEvents: true, requireWindowFocus: false}, setWindowRect: true, strictFileInteractability: false, timeouts: {implicit: 0, pageLoad: 300000, script: 30000}, unhandledPromptBehavior: dismiss and notify}
Session ID: 81d3627c-2d54-4202-904d-b6e6f30ceab8
*** Element info: {Using=xpath, value=//label[@id=&amp;apos;lblTaxID&amp;apos;]}">
      <![CDATA[org.openqa.selenium.NoSuchElementException: Unable to find element with xpath == //label[@id='lblTaxID']
For documentation on this error, please visit: https://www.seleniumhq.org/exceptions/no_such_element.html
Build info: version: '3.141.59', revision: 'e82be7d358', time: '2018-11-14T08:17:03'
System info: host: 'USE2DEVP0289', ip: '10.178.161.24', os.name: 'Windows 10', os.arch: 'amd64', os.version: '10.0', java.version: '14.0.2'
Driver info: org.openqa.selenium.ie.InternetExplorerDriver
Capabilities {acceptInsecureCerts: false, browserName: internet explorer, browserVersion: 11, javascriptEnabled: true, pageLoadStrategy: normal, platform: WINDOWS, platformName: WINDOWS, proxy: Proxy(), se:ieOptions: {browserAttachTimeout: 0, elementScrollBehavior: 0, enablePersistentHover: true, ie.browserCommandLineSwitches: , ie.edgechromium: false, ie.edgepath: , ie.ensureCleanSession: false, ie.fileUploadDialogTimeout: 3000, ie.forceCreateProcessApi: false, ignoreProtectedModeSettings: false, ignoreZoomSetting: false, initialBrowserUrl: http://localhost:19678/, nativeEvents: true, requireWindowFocus: false}, setWindowRect: true, strictFileInteractability: false, timeouts: {implicit: 0, pageLoad: 300000, script: 30000}, unhandledPromptBehavior: dismiss and notify}
Session ID: 81d3627c-2d54-4202-904d-b6e6f30ceab8
*** Element info: {Using=xpath, value=//label[@id='lblTaxID']}
at org.openqa.selenium.remote.http.W3CHttpResponseCodec.createException(W3CHttpResponseCodec.java:187)
at org.openqa.selenium.remote.http.W3CHttpResponseCodec.decode(W3CHttpResponseCodec.java:122)
at org.openqa.selenium.remote.http.W3CHttpResponseCodec.decode(W3CHttpResponseCodec.java:49)
at org.openqa.selenium.remote.HttpCommandExecutor.execute(HttpCommandExecutor.java:158)
at org.openqa.selenium.remote.service.DriverCommandExecutor.execute(DriverCommandExecutor.java:83)
at org.openqa.selenium.remote.RemoteWebDriver.execute(RemoteWebDriver.java:552)
at org.openqa.selenium.remote.RemoteWebDriver.findElement(RemoteWebDriver.java:323)
at org.openqa.selenium.remote.RemoteWebDriver.findElementByXPath(RemoteWebDriver.java:428)
at org.openqa.selenium.By$ByXPath.findElement(By.java:353)
at org.openqa.selenium.remote.RemoteWebDriver.findElement(RemoteWebDriver.java:315)
at org.openqa.selenium.support.ui.ExpectedConditions$7.apply(ExpectedConditions.java:205)
at org.openqa.selenium.support.ui.ExpectedConditions$7.apply(ExpectedConditions.java:201)
at org.openqa.selenium.support.ui.ExpectedConditions$22.apply(ExpectedConditions.java:641)
at org.openqa.selenium.support.ui.ExpectedConditions$22.apply(ExpectedConditions.java:638)
at org.openqa.selenium.support.ui.FluentWait.until(FluentWait.java:249)
at com_lib_FunctionLibrary.FrameWork.fnWebButton(FrameWork.java:69)
at com_obj_ObjectRepository.LS1.EntityUnitBrowser.fnClickTaxIds(EntityUnitBrowser.java:1020)
at com_pkg_OSP.EUB_TaxIds_Registrations_Test.EUB_TaxIds(EUB_TaxIds_Registrations_Test.java:79)
at java.base/java.util.ArrayList.forEach(ArrayList.java:1511)
... Removed 32 stack frames]]>
    </failure>
  </testcase> <!-- EUB_TaxIds -->
  <testcase classname="com_pkg_OSP.Entity_Manager_PageLinks_Test" name="Initialize" time="3.778"/>
  <testcase classname="com_pkg_OSP.Entity_Manager_PageLinks_Test" name="PageLinks" time="104.953"/>
</testsuite> <!-- Test -->
