<?xml version="1.0" encoding="UTF-8"?>
<!-- Generated by org.testng.reporters.JUnitXMLReporter -->
<testsuite ignored="0" hostname="USE2DEVP0289" failures="2" tests="2" name="Test" time="0.085" errors="0" timestamp="2020-12-22T12:30:27 IST">
  <testcase classname="com_pkg_OWM.Workflow_Browser.Serial.FWF_Tasks_Test" name="Initialize" time="0.016">
    <failure type="java.io.FileNotFoundException" message=".\src\main\java\resources\serialtemplatedata.properties (The system cannot find the path specified)">
      <![CDATA[java.io.FileNotFoundException: .\src\main\java\resources\serialtemplatedata.properties (The system cannot find the path specified)
at java.base/java.io.FileInputStream.open0(Native Method)
at java.base/java.io.FileInputStream.open(FileInputStream.java:212)
at java.base/java.io.FileInputStream.<init>(FileInputStream.java:154)
at java.base/java.io.FileInputStream.<init>(FileInputStream.java:109)
at com_data_Resources.Environment.BrowserInvoke.InvokeDriver(BrowserInvoke.java:23)
at com_pkg_OWM.Workflow_Browser.Serial.FWF_Tasks_Test.Initialize(FWF_Tasks_Test.java:29)
at java.base/java.util.ArrayList.forEach(ArrayList.java:1511)
... Removed 27 stack frames]]>
    </failure>
  </testcase> <!-- Initialize -->
  <testcase classname="com_pkg_OWM.Workflow_Browser.Serial.FWF_Tasks_Test" name="Initialize" time="0.048">
    <failure type="java.lang.NullPointerException" message="Cannot invoke &amp;quot;com.aventstack.extentreports.ExtentTest.fail(com.aventstack.extentreports.markuputils.Markup)&amp;quot; because &amp;quot;com_helper_Reporting.ListenersClass.childTest&amp;quot; is null">
      <![CDATA[java.lang.NullPointerException: Cannot invoke "com.aventstack.extentreports.ExtentTest.fail(com.aventstack.extentreports.markuputils.Markup)" because "com_helper_Reporting.ListenersClass.childTest" is null
at com_helper_Reporting.ListenersClass.onTestFailure(ListenersClass.java:31)
at java.base/java.util.ArrayList.forEach(ArrayList.java:1511)
... Removed 24 stack frames]]>
    </failure>
  </testcase> <!-- Initialize -->
</testsuite> <!-- Test -->
