<?xml version="1.0" encoding="UTF-8"?>
<!-- Generated by org.testng.reporters.JUnitXMLReporter -->
<testsuite ignored="0" hostname="USE2DEVP0289" failures="0" tests="2" name="Test" time="471.367" errors="0" timestamp="2021-03-22T17:22:40 IST">
  <testcase classname="com_pkg_OSP.EntityUnitBrowser_Ownership_Owners_Test" name="Initialize" time="5.965"/>
  <testcase classname="com_pkg_OSP.EntityUnitBrowser_Ownership_Owners_Test" name="Ownership_Owners" time="465.356"/>
</testsuite> <!-- Test -->
